0 info it worked if it ends with ok
1 verbose cli [ 'M:\\Program Files\\nodejs\\node.exe',
1 verbose cli   'M:\\Program Files\\nodejs\\node_modules\\npm\\bin\\npm-cli.js',
1 verbose cli   'run',
1 verbose cli   'dist' ]
2 info using npm@3.6.0
3 info using node@v5.7.1
4 verbose run-script [ 'predist', 'dist', 'postdist' ]
5 info lifecycle CardioTest@1.0.0~predist: CardioTest@1.0.0
6 silly lifecycle CardioTest@1.0.0~predist: no script for predist, continuing
7 info lifecycle CardioTest@1.0.0~dist: CardioTest@1.0.0
8 verbose lifecycle CardioTest@1.0.0~dist: unsafe-perm in lifecycle true
9 verbose lifecycle CardioTest@1.0.0~dist: PATH: M:\Program Files\nodejs\node_modules\npm\bin\node-gyp-bin;C:\Users\Taurus\Documents\Electron-App\node_modules\.bin;C:\Users\Taurus\AppData\Roaming\npm;M:\Program Files\nodejs\;C:\ProgramData\Oracle\Java\javapath;C:\Windows\system32;C:\Windows;C:\Windows\System32\Wbem;C:\Windows\System32\WindowsPowerShell\v1.0\;C:\Program Files (x86)\Windows Live\Shared;M:\Program Files (x86)\Microsoft VS Code\bin;C:\Users\Taurus\AppData\Roaming\Dashlane\3.5.2.94565\bin\Firefox_Extension\{442718d9-475e-452a-b3e1-fb1ee16b8e9f}\components;C:\Users\Taurus\AppData\Roaming\Dashlane\3.5.2.94798\bin\Firefox_Extension\{442718d9-475e-452a-b3e1-fb1ee16b8e9f}\components;C:\Users\Taurus\AppData\Roaming\Dashlane\3.6.0.97092\bin\Firefox_Extension\{442718d9-475e-452a-b3e1-fb1ee16b8e9f}\components;C:\adb;M:\Program Files\nodejs\;M:\Program Files (x86)\Microsoft VS Code\bin;C:\Users\Taurus\AppData\Roaming\Dashlane\3.5.2.94565\bin\Firefox_Extension\{442718d9-475e-452a-b3e1-fb1ee16b8e9f}\components;C:\Users\Taurus\AppData\Roaming\Dashlane\4.0.0.98750\bin\Firefox_Extension\{442718d9-475e-452a-b3e1-fb1ee16b8e9f}\components;C:\Users\Taurus\AppData\Roaming\Dashlane\4.0.1.98943\bin\Firefox_Extension\{442718d9-475e-452a-b3e1-fb1ee16b8e9f}\components;C:\Users\Taurus\AppData\Roaming\Dashlane\4.1.0.99957\bin\Firefox_Extension\{442718d9-475e-452a-b3e1-fb1ee16b8e9f}\components;C:\Users\Taurus\AppData\Local\atom\bin;C:\Users\Taurus\AppData\Roaming\npm
10 verbose lifecycle CardioTest@1.0.0~dist: CWD: C:\Users\Taurus\Documents\Electron-App
11 silly lifecycle CardioTest@1.0.0~dist: Args: [ '/d /s /c', 'build' ]
12 silly lifecycle CardioTest@1.0.0~dist: Returned: code: 4294967295  signal: null
13 info lifecycle CardioTest@1.0.0~dist: Failed to exec dist script
14 verbose stack Error: CardioTest@1.0.0 dist: `build`
14 verbose stack Exit status 4294967295
14 verbose stack     at EventEmitter.<anonymous> (M:\Program Files\nodejs\node_modules\npm\lib\utils\lifecycle.js:232:16)
14 verbose stack     at emitTwo (events.js:100:13)
14 verbose stack     at EventEmitter.emit (events.js:185:7)
14 verbose stack     at ChildProcess.<anonymous> (M:\Program Files\nodejs\node_modules\npm\lib\utils\spawn.js:24:14)
14 verbose stack     at emitTwo (events.js:100:13)
14 verbose stack     at ChildProcess.emit (events.js:185:7)
14 verbose stack     at maybeClose (internal/child_process.js:827:16)
14 verbose stack     at Process.ChildProcess._handle.onexit (internal/child_process.js:211:5)
15 verbose pkgid CardioTest@1.0.0
16 verbose cwd C:\Users\Taurus\Documents\Electron-App
17 error Windows_NT 10.0.10240
18 error argv "M:\\Program Files\\nodejs\\node.exe" "M:\\Program Files\\nodejs\\node_modules\\npm\\bin\\npm-cli.js" "run" "dist"
19 error node v5.7.1
20 error npm  v3.6.0
21 error code ELIFECYCLE
22 error CardioTest@1.0.0 dist: `build`
22 error Exit status 4294967295
23 error Failed at the CardioTest@1.0.0 dist script 'build'.
23 error Make sure you have the latest version of node.js and npm installed.
23 error If you do, this is most likely a problem with the CardioTest package,
23 error not with npm itself.
23 error Tell the author that this fails on your system:
23 error     build
23 error You can get information on how to open an issue for this project with:
23 error     npm bugs CardioTest
23 error Or if that isn't available, you can get their info via:
23 error     npm owner ls CardioTest
23 error There is likely additional logging output above.
24 verbose exit [ 1, true ]
